\BOOKMARK [1][-]{section.1}{Real Time Systems}{}% 1
\BOOKMARK [2][-]{subsection.1.1}{Performance vs Real Time}{section.1}% 2
\BOOKMARK [2][-]{subsection.1.2}{Jobs and Tasks}{section.1}% 3
\BOOKMARK [1][-]{section.2}{Scheduling}{}% 4
\BOOKMARK [2][-]{subsection.2.1}{Scheduling Algorithms}{section.2}% 5
\BOOKMARK [2][-]{subsection.2.2}{Resource Constraints}{section.2}% 6
\BOOKMARK [2][-]{subsection.2.3}{First Come Fist Serve \(FCFS\)}{section.2}% 7
\BOOKMARK [2][-]{subsection.2.4}{Shortest Job First \(SJF\)}{section.2}% 8
\BOOKMARK [2][-]{subsection.2.5}{Priority Scheduling}{section.2}% 9
\BOOKMARK [2][-]{subsection.2.6}{Round Robin \(RR\)}{section.2}% 10
\BOOKMARK [1][-]{section.3}{Aperiodic RealTime Scheduling}{}% 11
\BOOKMARK [2][-]{subsection.3.1}{Earliest Due Date \(EDD\)}{section.3}% 12
\BOOKMARK [2][-]{subsection.3.2}{Earliest Deadline First \(EDF\)}{section.3}% 13
\BOOKMARK [1][-]{section.4}{Periodic RealTime Scheduling}{}% 14
\BOOKMARK [2][-]{subsection.4.1}{Timeline Scheduling}{section.4}% 15
\BOOKMARK [2][-]{subsection.4.2}{Rate Monotonic Scheduling}{section.4}% 16
\BOOKMARK [1][-]{section.5}{Priority Inheritance}{}% 17
\BOOKMARK [2][-]{subsection.5.1}{Non-Preemptive Protocol}{section.5}% 18
\BOOKMARK [2][-]{subsection.5.2}{Highest Locker Priority}{section.5}% 19
\BOOKMARK [2][-]{subsection.5.3}{Priority Inheritance Protocol}{section.5}% 20
\BOOKMARK [2][-]{subsection.5.4}{Priority Ceiling Protocol}{section.5}% 21
\BOOKMARK [1][-]{section.6}{Communication Protocols}{}% 22
\BOOKMARK [2][-]{subsection.6.1}{RS-232}{section.6}% 23
